                                      1 ;--------------------------------------------------------
                                      2 ; File Created by SDCC : free open source ISO C Compiler 
                                      3 ; Version 4.4.1 #14650 (MINGW64)
                                      4 ;--------------------------------------------------------
                                      5 	.module banked
                                      6 	.optsdcc -mz80
                                      7 	
                                      8 ;--------------------------------------------------------
                                      9 ; Public variables in this module
                                     10 ;--------------------------------------------------------
                                     11 	.globl b_banked_func
                                     12 	.globl _banked_func
                                     13 ;--------------------------------------------------------
                                     14 ; special function registers
                                     15 ;--------------------------------------------------------
                                     16 ;--------------------------------------------------------
                                     17 ; ram data
                                     18 ;--------------------------------------------------------
                                     19 	.area _DATA
                                     20 ;--------------------------------------------------------
                                     21 ; ram data
                                     22 ;--------------------------------------------------------
                                     23 	.area _INITIALIZED
                                     24 ;--------------------------------------------------------
                                     25 ; absolute external ram data
                                     26 ;--------------------------------------------------------
                                     27 	.area _DABS (ABS)
                                     28 ;--------------------------------------------------------
                                     29 ; global & static initialisations
                                     30 ;--------------------------------------------------------
                                     31 	.area _HOME
                                     32 	.area _GSINIT
                                     33 	.area _GSFINAL
                                     34 	.area _GSINIT
                                     35 ;--------------------------------------------------------
                                     36 ; Home
                                     37 ;--------------------------------------------------------
                                     38 	.area _HOME
                                     39 	.area _HOME
                                     40 ;--------------------------------------------------------
                                     41 ; code
                                     42 ;--------------------------------------------------------
                                     43 	.area _CODE_3
                                     44 ;banked.c:5: uint16_t banked_func(uint8_t be, uint8_t ef) __banked {
                                     45 ;	---------------------------------
                                     46 ; Function banked_func
                                     47 ; ---------------------------------
                         00000003    48 	b_banked_func	= 3
    00000000                         49 _banked_func::
    00000000 DD E5            [15]   50 	push	ix
                                     51 ;banked.c:6: return ((be << 8) | ef);
    00000002 21 07 00         [10]   52 	ld	hl, #0x7
    00000005 39               [11]   53 	add	hl, sp
    00000006 56               [ 7]   54 	ld	d, (hl)
    00000007 23               [ 6]   55 	inc	hl
    00000008 5E               [ 7]   56 	ld	e, (hl)
                                     57 ;banked.c:7: }
    00000009 DD E1            [14]   58 	pop	ix
    0000000B C9               [10]   59 	ret
                                     60 	.area _CODE_3
                                     61 	.area _INITIALIZER
                                     62 	.area _CABS (ABS)
