                                      1 ;--------------------------------------------------------
                                      2 ; File Created by SDCC : free open source ISO C Compiler 
                                      3 ; Version 4.4.1 #14650 (MINGW64)
                                      4 ;--------------------------------------------------------
                                      5 	.module colorbar
                                      6 	.optsdcc -msm83
                                      7 	
                                      8 ;--------------------------------------------------------
                                      9 ; Public variables in this module
                                     10 ;--------------------------------------------------------
                                     11 	.globl _main
                                     12 	.globl _set_bkg_palette
                                     13 	.globl _set_bkg_tiles
                                     14 	.globl _set_bkg_data
                                     15 	.globl _bar_a
                                     16 	.globl _bar_p
                                     17 	.globl _bar_m
                                     18 	.globl _bar_c
                                     19 	.globl _bar_cCGB
                                     20 ;--------------------------------------------------------
                                     21 ; special function registers
                                     22 ;--------------------------------------------------------
                                     23 ;--------------------------------------------------------
                                     24 ; ram data
                                     25 ;--------------------------------------------------------
                                     26 	.area _DATA
                                     27 ;--------------------------------------------------------
                                     28 ; ram data
                                     29 ;--------------------------------------------------------
                                     30 	.area _INITIALIZED
                                     31 ;--------------------------------------------------------
                                     32 ; absolute external ram data
                                     33 ;--------------------------------------------------------
                                     34 	.area _DABS (ABS)
                                     35 ;--------------------------------------------------------
                                     36 ; global & static initialisations
                                     37 ;--------------------------------------------------------
                                     38 	.area _HOME
                                     39 	.area _GSINIT
                                     40 	.area _GSFINAL
                                     41 	.area _GSINIT
                                     42 ;--------------------------------------------------------
                                     43 ; Home
                                     44 ;--------------------------------------------------------
                                     45 	.area _HOME
                                     46 	.area _HOME
                                     47 ;--------------------------------------------------------
                                     48 ; code
                                     49 ;--------------------------------------------------------
                                     50 	.area _CODE
                                     51 ;colorbar.c:43: int main(void)
                                     52 ;	---------------------------------
                                     53 ; Function main
                                     54 ; ---------------------------------
    00000000                         55 _main::
                                     56 ;colorbar.c:46: set_bkg_palette( BKGF_CGB_PAL7, 1, &bar_p[0] );
    00000000 11r34r04         [12]   57 	ld	de, #_bar_p
    00000003 D5               [16]   58 	push	de
    00000004 21 07 01         [12]   59 	ld	hl, #0x107
    00000007 E5               [16]   60 	push	hl
    00000008 CDr00r00         [24]   61 	call	_set_bkg_palette
    0000000B E8 04            [16]   62 	add	sp, #4
                                     63 ;colorbar.c:47: set_bkg_palette( BKGF_CGB_PAL6, 1, &bar_p[4] );
    0000000D 11r3Cr04         [12]   64 	ld	de, #(_bar_p + 8)
    00000010 D5               [16]   65 	push	de
    00000011 21 06 01         [12]   66 	ld	hl, #0x106
    00000014 E5               [16]   67 	push	hl
    00000015 CDr00r00         [24]   68 	call	_set_bkg_palette
    00000018 E8 04            [16]   69 	add	sp, #4
                                     70 ;colorbar.c:48: set_bkg_palette( BKGF_CGB_PAL5, 1, &bar_p[8] );
    0000001A 11r44r04         [12]   71 	ld	de, #(_bar_p + 16)
    0000001D D5               [16]   72 	push	de
    0000001E 21 05 01         [12]   73 	ld	hl, #0x105
    00000021 E5               [16]   74 	push	hl
    00000022 CDr00r00         [24]   75 	call	_set_bkg_palette
    00000025 E8 04            [16]   76 	add	sp, #4
                                     77 ;colorbar.c:49: set_bkg_palette( BKGF_CGB_PAL4, 1, &bar_p[12] );
    00000027 11r4Cr04         [12]   78 	ld	de, #(_bar_p + 24)
    0000002A D5               [16]   79 	push	de
    0000002B 21 04 01         [12]   80 	ld	hl, #0x104
    0000002E E5               [16]   81 	push	hl
    0000002F CDr00r00         [24]   82 	call	_set_bkg_palette
    00000032 E8 04            [16]   83 	add	sp, #4
                                     84 ;colorbar.c:50: set_bkg_palette( BKGF_CGB_PAL3, 1, &bar_p[16] );
    00000034 11r54r04         [12]   85 	ld	de, #(_bar_p + 32)
    00000037 D5               [16]   86 	push	de
    00000038 21 03 01         [12]   87 	ld	hl, #0x103
    0000003B E5               [16]   88 	push	hl
    0000003C CDr00r00         [24]   89 	call	_set_bkg_palette
    0000003F E8 04            [16]   90 	add	sp, #4
                                     91 ;colorbar.c:51: set_bkg_palette( BKGF_CGB_PAL2, 1, &bar_p[20] );
    00000041 11r5Cr04         [12]   92 	ld	de, #(_bar_p + 40)
    00000044 D5               [16]   93 	push	de
    00000045 21 02 01         [12]   94 	ld	hl, #0x102
    00000048 E5               [16]   95 	push	hl
    00000049 CDr00r00         [24]   96 	call	_set_bkg_palette
    0000004C E8 04            [16]   97 	add	sp, #4
                                     98 ;colorbar.c:52: set_bkg_palette( BKGF_CGB_PAL1, 1, &bar_p[24] );
    0000004E 11r64r04         [12]   99 	ld	de, #(_bar_p + 48)
    00000051 D5               [16]  100 	push	de
    00000052 21 01 01         [12]  101 	ld	hl, #0x101
    00000055 E5               [16]  102 	push	hl
    00000056 CDr00r00         [24]  103 	call	_set_bkg_palette
    00000059 E8 04            [16]  104 	add	sp, #4
                                    105 ;colorbar.c:53: set_bkg_palette( BKGF_CGB_PAL0, 1, &bar_p[28] );
    0000005B 11r6Cr04         [12]  106 	ld	de, #(_bar_p + 56)
    0000005E D5               [16]  107 	push	de
    0000005F AF               [ 4]  108 	xor	a, a
    00000060 3C               [ 4]  109 	inc	a
    00000061 F5               [16]  110 	push	af
    00000062 CDr00r00         [24]  111 	call	_set_bkg_palette
    00000065 E8 04            [16]  112 	add	sp, #4
                                    113 ;colorbar.c:56: set_bkg_data( 0x0, 32, bar_c );
    00000067 11rCCr00         [12]  114 	ld	de, #_bar_c
    0000006A D5               [16]  115 	push	de
    0000006B 21 00 20         [12]  116 	ld	hl, #0x2000
    0000006E E5               [16]  117 	push	hl
    0000006F CDr00r00         [24]  118 	call	_set_bkg_data
    00000072 E8 04            [16]  119 	add	sp, #4
                                    120 ;colorbar.c:59: VBK_REG = VBK_ATTRIBUTES;
    00000074 3E 01            [ 8]  121 	ld	a, #0x01
    00000076 E0r00            [12]  122 	ldh	(_VBK_REG + 0), a
                                    123 ;colorbar.c:61: set_bkg_tiles( 0, 0, bar_mWidth, bar_mHeight, bar_a );
    00000078 11r74r04         [12]  124 	ld	de, #_bar_a
    0000007B D5               [16]  125 	push	de
    0000007C 21 14 12         [12]  126 	ld	hl, #0x1214
    0000007F E5               [16]  127 	push	hl
    00000080 AF               [ 4]  128 	xor	a, a
    00000081 0F               [ 4]  129 	rrca
    00000082 F5               [16]  130 	push	af
    00000083 CDr00r00         [24]  131 	call	_set_bkg_tiles
    00000086 E8 06            [16]  132 	add	sp, #6
                                    133 ;colorbar.c:64: VBK_REG = VBK_TILES;
    00000088 AF               [ 4]  134 	xor	a, a
    00000089 E0r00            [12]  135 	ldh	(_VBK_REG + 0), a
                                    136 ;colorbar.c:66: set_bkg_tiles( 0, 0, bar_mWidth, bar_mHeight, bar_m );
    0000008B 11rCCr02         [12]  137 	ld	de, #_bar_m
    0000008E D5               [16]  138 	push	de
    0000008F 21 14 12         [12]  139 	ld	hl, #0x1214
    00000092 E5               [16]  140 	push	hl
    00000093 AF               [ 4]  141 	xor	a, a
    00000094 0F               [ 4]  142 	rrca
    00000095 F5               [16]  143 	push	af
    00000096 CDr00r00         [24]  144 	call	_set_bkg_tiles
    00000099 E8 06            [16]  145 	add	sp, #6
                                    146 ;colorbar.c:68: SHOW_BKG;
    0000009B F0r00            [12]  147 	ldh	a, (_LCDC_REG + 0)
    0000009D F6 80            [ 8]  148 	or	a, #0x80
    0000009F E0r00            [12]  149 	ldh	(_LCDC_REG + 0), a
                                    150 ;c:\gamedev\gbdk\include\gb\gb.h:783: __asm__("ei");
    000000A1 FB               [ 4]  151 	ei
                                    152 ;colorbar.c:70: DISPLAY_ON;
    000000A2 F0r00            [12]  153 	ldh	a, (_LCDC_REG + 0)
    000000A4 F6 01            [ 8]  154 	or	a, #0x01
    000000A6 E0r00            [12]  155 	ldh	(_LCDC_REG + 0), a
                                    156 ;colorbar.c:72: return 0;
    000000A8 01 00 00         [12]  157 	ld	bc, #0x0000
                                    158 ;colorbar.c:73: }
    000000AB C9               [16]  159 	ret
    000000AC                        160 _bar_cCGB:
    000000AC 00                     161 	.db #0x00	; 0
    000000AD 00                     162 	.db #0x00	; 0
    000000AE 00                     163 	.db #0x00	; 0
    000000AF 00                     164 	.db #0x00	; 0
    000000B0 01                     165 	.db #0x01	; 1
    000000B1 01                     166 	.db #0x01	; 1
    000000B2 01                     167 	.db #0x01	; 1
    000000B3 01                     168 	.db #0x01	; 1
    000000B4 02                     169 	.db #0x02	; 2
    000000B5 02                     170 	.db #0x02	; 2
    000000B6 02                     171 	.db #0x02	; 2
    000000B7 02                     172 	.db #0x02	; 2
    000000B8 03                     173 	.db #0x03	; 3
    000000B9 03                     174 	.db #0x03	; 3
    000000BA 03                     175 	.db #0x03	; 3
    000000BB 03                     176 	.db #0x03	; 3
    000000BC 04                     177 	.db #0x04	; 4
    000000BD 04                     178 	.db #0x04	; 4
    000000BE 04                     179 	.db #0x04	; 4
    000000BF 04                     180 	.db #0x04	; 4
    000000C0 05                     181 	.db #0x05	; 5
    000000C1 05                     182 	.db #0x05	; 5
    000000C2 05                     183 	.db #0x05	; 5
    000000C3 05                     184 	.db #0x05	; 5
    000000C4 06                     185 	.db #0x06	; 6
    000000C5 06                     186 	.db #0x06	; 6
    000000C6 06                     187 	.db #0x06	; 6
    000000C7 06                     188 	.db #0x06	; 6
    000000C8 07                     189 	.db #0x07	; 7
    000000C9 07                     190 	.db #0x07	; 7
    000000CA 07                     191 	.db #0x07	; 7
    000000CB 07                     192 	.db #0x07	; 7
    000000CC                        193 _bar_c:
    000000CC 00                     194 	.db #0x00	; 0
    000000CD 00                     195 	.db #0x00	; 0
    000000CE 00                     196 	.db #0x00	; 0
    000000CF 00                     197 	.db #0x00	; 0
    000000D0 00                     198 	.db #0x00	; 0
    000000D1 00                     199 	.db #0x00	; 0
    000000D2 00                     200 	.db #0x00	; 0
    000000D3 00                     201 	.db #0x00	; 0
    000000D4 00                     202 	.db #0x00	; 0
    000000D5 00                     203 	.db #0x00	; 0
    000000D6 00                     204 	.db #0x00	; 0
    000000D7 00                     205 	.db #0x00	; 0
    000000D8 00                     206 	.db #0x00	; 0
    000000D9 00                     207 	.db #0x00	; 0
    000000DA 00                     208 	.db #0x00	; 0
    000000DB 00                     209 	.db #0x00	; 0
    000000DC FF                     210 	.db #0xff	; 255
    000000DD 00                     211 	.db #0x00	; 0
    000000DE FF                     212 	.db #0xff	; 255
    000000DF 00                     213 	.db #0x00	; 0
    000000E0 FF                     214 	.db #0xff	; 255
    000000E1 00                     215 	.db #0x00	; 0
    000000E2 FF                     216 	.db #0xff	; 255
    000000E3 00                     217 	.db #0x00	; 0
    000000E4 FF                     218 	.db #0xff	; 255
    000000E5 00                     219 	.db #0x00	; 0
    000000E6 FF                     220 	.db #0xff	; 255
    000000E7 00                     221 	.db #0x00	; 0
    000000E8 FF                     222 	.db #0xff	; 255
    000000E9 00                     223 	.db #0x00	; 0
    000000EA FF                     224 	.db #0xff	; 255
    000000EB 00                     225 	.db #0x00	; 0
    000000EC 00                     226 	.db #0x00	; 0
    000000ED FF                     227 	.db #0xff	; 255
    000000EE 00                     228 	.db #0x00	; 0
    000000EF FF                     229 	.db #0xff	; 255
    000000F0 00                     230 	.db #0x00	; 0
    000000F1 FF                     231 	.db #0xff	; 255
    000000F2 00                     232 	.db #0x00	; 0
    000000F3 FF                     233 	.db #0xff	; 255
    000000F4 00                     234 	.db #0x00	; 0
    000000F5 FF                     235 	.db #0xff	; 255
    000000F6 00                     236 	.db #0x00	; 0
    000000F7 FF                     237 	.db #0xff	; 255
    000000F8 00                     238 	.db #0x00	; 0
    000000F9 FF                     239 	.db #0xff	; 255
    000000FA 00                     240 	.db #0x00	; 0
    000000FB FF                     241 	.db #0xff	; 255
    000000FC FF                     242 	.db #0xff	; 255
    000000FD FF                     243 	.db #0xff	; 255
    000000FE FF                     244 	.db #0xff	; 255
    000000FF FF                     245 	.db #0xff	; 255
    00000100 FF                     246 	.db #0xff	; 255
    00000101 FF                     247 	.db #0xff	; 255
    00000102 FF                     248 	.db #0xff	; 255
    00000103 FF                     249 	.db #0xff	; 255
    00000104 FF                     250 	.db #0xff	; 255
    00000105 FF                     251 	.db #0xff	; 255
    00000106 FF                     252 	.db #0xff	; 255
    00000107 FF                     253 	.db #0xff	; 255
    00000108 FF                     254 	.db #0xff	; 255
    00000109 FF                     255 	.db #0xff	; 255
    0000010A FF                     256 	.db #0xff	; 255
    0000010B FF                     257 	.db #0xff	; 255
    0000010C 00                     258 	.db #0x00	; 0
    0000010D 00                     259 	.db #0x00	; 0
    0000010E 00                     260 	.db #0x00	; 0
    0000010F 00                     261 	.db #0x00	; 0
    00000110 00                     262 	.db #0x00	; 0
    00000111 00                     263 	.db #0x00	; 0
    00000112 00                     264 	.db #0x00	; 0
    00000113 00                     265 	.db #0x00	; 0
    00000114 00                     266 	.db #0x00	; 0
    00000115 00                     267 	.db #0x00	; 0
    00000116 00                     268 	.db #0x00	; 0
    00000117 00                     269 	.db #0x00	; 0
    00000118 00                     270 	.db #0x00	; 0
    00000119 00                     271 	.db #0x00	; 0
    0000011A 00                     272 	.db #0x00	; 0
    0000011B 00                     273 	.db #0x00	; 0
    0000011C FF                     274 	.db #0xff	; 255
    0000011D 00                     275 	.db #0x00	; 0
    0000011E FF                     276 	.db #0xff	; 255
    0000011F 00                     277 	.db #0x00	; 0
    00000120 FF                     278 	.db #0xff	; 255
    00000121 00                     279 	.db #0x00	; 0
    00000122 FF                     280 	.db #0xff	; 255
    00000123 00                     281 	.db #0x00	; 0
    00000124 FF                     282 	.db #0xff	; 255
    00000125 00                     283 	.db #0x00	; 0
    00000126 FF                     284 	.db #0xff	; 255
    00000127 00                     285 	.db #0x00	; 0
    00000128 FF                     286 	.db #0xff	; 255
    00000129 00                     287 	.db #0x00	; 0
    0000012A FF                     288 	.db #0xff	; 255
    0000012B 00                     289 	.db #0x00	; 0
    0000012C 00                     290 	.db #0x00	; 0
    0000012D FF                     291 	.db #0xff	; 255
    0000012E 00                     292 	.db #0x00	; 0
    0000012F FF                     293 	.db #0xff	; 255
    00000130 00                     294 	.db #0x00	; 0
    00000131 FF                     295 	.db #0xff	; 255
    00000132 00                     296 	.db #0x00	; 0
    00000133 FF                     297 	.db #0xff	; 255
    00000134 00                     298 	.db #0x00	; 0
    00000135 FF                     299 	.db #0xff	; 255
    00000136 00                     300 	.db #0x00	; 0
    00000137 FF                     301 	.db #0xff	; 255
    00000138 00                     302 	.db #0x00	; 0
    00000139 FF                     303 	.db #0xff	; 255
    0000013A 00                     304 	.db #0x00	; 0
    0000013B FF                     305 	.db #0xff	; 255
    0000013C FF                     306 	.db #0xff	; 255
    0000013D FF                     307 	.db #0xff	; 255
    0000013E FF                     308 	.db #0xff	; 255
    0000013F FF                     309 	.db #0xff	; 255
    00000140 FF                     310 	.db #0xff	; 255
    00000141 FF                     311 	.db #0xff	; 255
    00000142 FF                     312 	.db #0xff	; 255
    00000143 FF                     313 	.db #0xff	; 255
    00000144 FF                     314 	.db #0xff	; 255
    00000145 FF                     315 	.db #0xff	; 255
    00000146 FF                     316 	.db #0xff	; 255
    00000147 FF                     317 	.db #0xff	; 255
    00000148 FF                     318 	.db #0xff	; 255
    00000149 FF                     319 	.db #0xff	; 255
    0000014A FF                     320 	.db #0xff	; 255
    0000014B FF                     321 	.db #0xff	; 255
    0000014C 00                     322 	.db #0x00	; 0
    0000014D 00                     323 	.db #0x00	; 0
    0000014E 00                     324 	.db #0x00	; 0
    0000014F 00                     325 	.db #0x00	; 0
    00000150 00                     326 	.db #0x00	; 0
    00000151 00                     327 	.db #0x00	; 0
    00000152 00                     328 	.db #0x00	; 0
    00000153 00                     329 	.db #0x00	; 0
    00000154 00                     330 	.db #0x00	; 0
    00000155 00                     331 	.db #0x00	; 0
    00000156 00                     332 	.db #0x00	; 0
    00000157 00                     333 	.db #0x00	; 0
    00000158 00                     334 	.db #0x00	; 0
    00000159 00                     335 	.db #0x00	; 0
    0000015A 00                     336 	.db #0x00	; 0
    0000015B 00                     337 	.db #0x00	; 0
    0000015C FF                     338 	.db #0xff	; 255
    0000015D 00                     339 	.db #0x00	; 0
    0000015E FF                     340 	.db #0xff	; 255
    0000015F 00                     341 	.db #0x00	; 0
    00000160 FF                     342 	.db #0xff	; 255
    00000161 00                     343 	.db #0x00	; 0
    00000162 FF                     344 	.db #0xff	; 255
    00000163 00                     345 	.db #0x00	; 0
    00000164 FF                     346 	.db #0xff	; 255
    00000165 00                     347 	.db #0x00	; 0
    00000166 FF                     348 	.db #0xff	; 255
    00000167 00                     349 	.db #0x00	; 0
    00000168 FF                     350 	.db #0xff	; 255
    00000169 00                     351 	.db #0x00	; 0
    0000016A FF                     352 	.db #0xff	; 255
    0000016B 00                     353 	.db #0x00	; 0
    0000016C 00                     354 	.db #0x00	; 0
    0000016D FF                     355 	.db #0xff	; 255
    0000016E 00                     356 	.db #0x00	; 0
    0000016F FF                     357 	.db #0xff	; 255
    00000170 00                     358 	.db #0x00	; 0
    00000171 FF                     359 	.db #0xff	; 255
    00000172 00                     360 	.db #0x00	; 0
    00000173 FF                     361 	.db #0xff	; 255
    00000174 00                     362 	.db #0x00	; 0
    00000175 FF                     363 	.db #0xff	; 255
    00000176 00                     364 	.db #0x00	; 0
    00000177 FF                     365 	.db #0xff	; 255
    00000178 00                     366 	.db #0x00	; 0
    00000179 FF                     367 	.db #0xff	; 255
    0000017A 00                     368 	.db #0x00	; 0
    0000017B FF                     369 	.db #0xff	; 255
    0000017C FF                     370 	.db #0xff	; 255
    0000017D FF                     371 	.db #0xff	; 255
    0000017E FF                     372 	.db #0xff	; 255
    0000017F FF                     373 	.db #0xff	; 255
    00000180 FF                     374 	.db #0xff	; 255
    00000181 FF                     375 	.db #0xff	; 255
    00000182 FF                     376 	.db #0xff	; 255
    00000183 FF                     377 	.db #0xff	; 255
    00000184 FF                     378 	.db #0xff	; 255
    00000185 FF                     379 	.db #0xff	; 255
    00000186 FF                     380 	.db #0xff	; 255
    00000187 FF                     381 	.db #0xff	; 255
    00000188 FF                     382 	.db #0xff	; 255
    00000189 FF                     383 	.db #0xff	; 255
    0000018A FF                     384 	.db #0xff	; 255
    0000018B FF                     385 	.db #0xff	; 255
    0000018C 00                     386 	.db #0x00	; 0
    0000018D 00                     387 	.db #0x00	; 0
    0000018E 00                     388 	.db #0x00	; 0
    0000018F 00                     389 	.db #0x00	; 0
    00000190 00                     390 	.db #0x00	; 0
    00000191 00                     391 	.db #0x00	; 0
    00000192 00                     392 	.db #0x00	; 0
    00000193 00                     393 	.db #0x00	; 0
    00000194 00                     394 	.db #0x00	; 0
    00000195 00                     395 	.db #0x00	; 0
    00000196 00                     396 	.db #0x00	; 0
    00000197 00                     397 	.db #0x00	; 0
    00000198 00                     398 	.db #0x00	; 0
    00000199 00                     399 	.db #0x00	; 0
    0000019A 00                     400 	.db #0x00	; 0
    0000019B 00                     401 	.db #0x00	; 0
    0000019C FF                     402 	.db #0xff	; 255
    0000019D 00                     403 	.db #0x00	; 0
    0000019E FF                     404 	.db #0xff	; 255
    0000019F 00                     405 	.db #0x00	; 0
    000001A0 FF                     406 	.db #0xff	; 255
    000001A1 00                     407 	.db #0x00	; 0
    000001A2 FF                     408 	.db #0xff	; 255
    000001A3 00                     409 	.db #0x00	; 0
    000001A4 FF                     410 	.db #0xff	; 255
    000001A5 00                     411 	.db #0x00	; 0
    000001A6 FF                     412 	.db #0xff	; 255
    000001A7 00                     413 	.db #0x00	; 0
    000001A8 FF                     414 	.db #0xff	; 255
    000001A9 00                     415 	.db #0x00	; 0
    000001AA FF                     416 	.db #0xff	; 255
    000001AB 00                     417 	.db #0x00	; 0
    000001AC 00                     418 	.db #0x00	; 0
    000001AD FF                     419 	.db #0xff	; 255
    000001AE 00                     420 	.db #0x00	; 0
    000001AF FF                     421 	.db #0xff	; 255
    000001B0 00                     422 	.db #0x00	; 0
    000001B1 FF                     423 	.db #0xff	; 255
    000001B2 00                     424 	.db #0x00	; 0
    000001B3 FF                     425 	.db #0xff	; 255
    000001B4 00                     426 	.db #0x00	; 0
    000001B5 FF                     427 	.db #0xff	; 255
    000001B6 00                     428 	.db #0x00	; 0
    000001B7 FF                     429 	.db #0xff	; 255
    000001B8 00                     430 	.db #0x00	; 0
    000001B9 FF                     431 	.db #0xff	; 255
    000001BA 00                     432 	.db #0x00	; 0
    000001BB FF                     433 	.db #0xff	; 255
    000001BC FF                     434 	.db #0xff	; 255
    000001BD FF                     435 	.db #0xff	; 255
    000001BE FF                     436 	.db #0xff	; 255
    000001BF FF                     437 	.db #0xff	; 255
    000001C0 FF                     438 	.db #0xff	; 255
    000001C1 FF                     439 	.db #0xff	; 255
    000001C2 FF                     440 	.db #0xff	; 255
    000001C3 FF                     441 	.db #0xff	; 255
    000001C4 FF                     442 	.db #0xff	; 255
    000001C5 FF                     443 	.db #0xff	; 255
    000001C6 FF                     444 	.db #0xff	; 255
    000001C7 FF                     445 	.db #0xff	; 255
    000001C8 FF                     446 	.db #0xff	; 255
    000001C9 FF                     447 	.db #0xff	; 255
    000001CA FF                     448 	.db #0xff	; 255
    000001CB FF                     449 	.db #0xff	; 255
    000001CC 00                     450 	.db #0x00	; 0
    000001CD 00                     451 	.db #0x00	; 0
    000001CE 00                     452 	.db #0x00	; 0
    000001CF 00                     453 	.db #0x00	; 0
    000001D0 00                     454 	.db #0x00	; 0
    000001D1 00                     455 	.db #0x00	; 0
    000001D2 00                     456 	.db #0x00	; 0
    000001D3 00                     457 	.db #0x00	; 0
    000001D4 00                     458 	.db #0x00	; 0
    000001D5 00                     459 	.db #0x00	; 0
    000001D6 00                     460 	.db #0x00	; 0
    000001D7 00                     461 	.db #0x00	; 0
    000001D8 00                     462 	.db #0x00	; 0
    000001D9 00                     463 	.db #0x00	; 0
    000001DA 00                     464 	.db #0x00	; 0
    000001DB 00                     465 	.db #0x00	; 0
    000001DC FF                     466 	.db #0xff	; 255
    000001DD 00                     467 	.db #0x00	; 0
    000001DE FF                     468 	.db #0xff	; 255
    000001DF 00                     469 	.db #0x00	; 0
    000001E0 FF                     470 	.db #0xff	; 255
    000001E1 00                     471 	.db #0x00	; 0
    000001E2 FF                     472 	.db #0xff	; 255
    000001E3 00                     473 	.db #0x00	; 0
    000001E4 FF                     474 	.db #0xff	; 255
    000001E5 00                     475 	.db #0x00	; 0
    000001E6 FF                     476 	.db #0xff	; 255
    000001E7 00                     477 	.db #0x00	; 0
    000001E8 FF                     478 	.db #0xff	; 255
    000001E9 00                     479 	.db #0x00	; 0
    000001EA FF                     480 	.db #0xff	; 255
    000001EB 00                     481 	.db #0x00	; 0
    000001EC 00                     482 	.db #0x00	; 0
    000001ED FF                     483 	.db #0xff	; 255
    000001EE 00                     484 	.db #0x00	; 0
    000001EF FF                     485 	.db #0xff	; 255
    000001F0 00                     486 	.db #0x00	; 0
    000001F1 FF                     487 	.db #0xff	; 255
    000001F2 00                     488 	.db #0x00	; 0
    000001F3 FF                     489 	.db #0xff	; 255
    000001F4 00                     490 	.db #0x00	; 0
    000001F5 FF                     491 	.db #0xff	; 255
    000001F6 00                     492 	.db #0x00	; 0
    000001F7 FF                     493 	.db #0xff	; 255
    000001F8 00                     494 	.db #0x00	; 0
    000001F9 FF                     495 	.db #0xff	; 255
    000001FA 00                     496 	.db #0x00	; 0
    000001FB FF                     497 	.db #0xff	; 255
    000001FC FF                     498 	.db #0xff	; 255
    000001FD FF                     499 	.db #0xff	; 255
    000001FE FF                     500 	.db #0xff	; 255
    000001FF FF                     501 	.db #0xff	; 255
    00000200 FF                     502 	.db #0xff	; 255
    00000201 FF                     503 	.db #0xff	; 255
    00000202 FF                     504 	.db #0xff	; 255
    00000203 FF                     505 	.db #0xff	; 255
    00000204 FF                     506 	.db #0xff	; 255
    00000205 FF                     507 	.db #0xff	; 255
    00000206 FF                     508 	.db #0xff	; 255
    00000207 FF                     509 	.db #0xff	; 255
    00000208 FF                     510 	.db #0xff	; 255
    00000209 FF                     511 	.db #0xff	; 255
    0000020A FF                     512 	.db #0xff	; 255
    0000020B FF                     513 	.db #0xff	; 255
    0000020C 00                     514 	.db #0x00	; 0
    0000020D 00                     515 	.db #0x00	; 0
    0000020E 00                     516 	.db #0x00	; 0
    0000020F 00                     517 	.db #0x00	; 0
    00000210 00                     518 	.db #0x00	; 0
    00000211 00                     519 	.db #0x00	; 0
    00000212 00                     520 	.db #0x00	; 0
    00000213 00                     521 	.db #0x00	; 0
    00000214 00                     522 	.db #0x00	; 0
    00000215 00                     523 	.db #0x00	; 0
    00000216 00                     524 	.db #0x00	; 0
    00000217 00                     525 	.db #0x00	; 0
    00000218 00                     526 	.db #0x00	; 0
    00000219 00                     527 	.db #0x00	; 0
    0000021A 00                     528 	.db #0x00	; 0
    0000021B 00                     529 	.db #0x00	; 0
    0000021C FF                     530 	.db #0xff	; 255
    0000021D 00                     531 	.db #0x00	; 0
    0000021E FF                     532 	.db #0xff	; 255
    0000021F 00                     533 	.db #0x00	; 0
    00000220 FF                     534 	.db #0xff	; 255
    00000221 00                     535 	.db #0x00	; 0
    00000222 FF                     536 	.db #0xff	; 255
    00000223 00                     537 	.db #0x00	; 0
    00000224 FF                     538 	.db #0xff	; 255
    00000225 00                     539 	.db #0x00	; 0
    00000226 FF                     540 	.db #0xff	; 255
    00000227 00                     541 	.db #0x00	; 0
    00000228 FF                     542 	.db #0xff	; 255
    00000229 00                     543 	.db #0x00	; 0
    0000022A FF                     544 	.db #0xff	; 255
    0000022B 00                     545 	.db #0x00	; 0
    0000022C 00                     546 	.db #0x00	; 0
    0000022D FF                     547 	.db #0xff	; 255
    0000022E 00                     548 	.db #0x00	; 0
    0000022F FF                     549 	.db #0xff	; 255
    00000230 00                     550 	.db #0x00	; 0
    00000231 FF                     551 	.db #0xff	; 255
    00000232 00                     552 	.db #0x00	; 0
    00000233 FF                     553 	.db #0xff	; 255
    00000234 00                     554 	.db #0x00	; 0
    00000235 FF                     555 	.db #0xff	; 255
    00000236 00                     556 	.db #0x00	; 0
    00000237 FF                     557 	.db #0xff	; 255
    00000238 00                     558 	.db #0x00	; 0
    00000239 FF                     559 	.db #0xff	; 255
    0000023A 00                     560 	.db #0x00	; 0
    0000023B FF                     561 	.db #0xff	; 255
    0000023C FF                     562 	.db #0xff	; 255
    0000023D FF                     563 	.db #0xff	; 255
    0000023E FF                     564 	.db #0xff	; 255
    0000023F FF                     565 	.db #0xff	; 255
    00000240 FF                     566 	.db #0xff	; 255
    00000241 FF                     567 	.db #0xff	; 255
    00000242 FF                     568 	.db #0xff	; 255
    00000243 FF                     569 	.db #0xff	; 255
    00000244 FF                     570 	.db #0xff	; 255
    00000245 FF                     571 	.db #0xff	; 255
    00000246 FF                     572 	.db #0xff	; 255
    00000247 FF                     573 	.db #0xff	; 255
    00000248 FF                     574 	.db #0xff	; 255
    00000249 FF                     575 	.db #0xff	; 255
    0000024A FF                     576 	.db #0xff	; 255
    0000024B FF                     577 	.db #0xff	; 255
    0000024C 00                     578 	.db #0x00	; 0
    0000024D 00                     579 	.db #0x00	; 0
    0000024E 00                     580 	.db #0x00	; 0
    0000024F 00                     581 	.db #0x00	; 0
    00000250 00                     582 	.db #0x00	; 0
    00000251 00                     583 	.db #0x00	; 0
    00000252 00                     584 	.db #0x00	; 0
    00000253 00                     585 	.db #0x00	; 0
    00000254 00                     586 	.db #0x00	; 0
    00000255 00                     587 	.db #0x00	; 0
    00000256 00                     588 	.db #0x00	; 0
    00000257 00                     589 	.db #0x00	; 0
    00000258 00                     590 	.db #0x00	; 0
    00000259 00                     591 	.db #0x00	; 0
    0000025A 00                     592 	.db #0x00	; 0
    0000025B 00                     593 	.db #0x00	; 0
    0000025C FF                     594 	.db #0xff	; 255
    0000025D 00                     595 	.db #0x00	; 0
    0000025E FF                     596 	.db #0xff	; 255
    0000025F 00                     597 	.db #0x00	; 0
    00000260 FF                     598 	.db #0xff	; 255
    00000261 00                     599 	.db #0x00	; 0
    00000262 FF                     600 	.db #0xff	; 255
    00000263 00                     601 	.db #0x00	; 0
    00000264 FF                     602 	.db #0xff	; 255
    00000265 00                     603 	.db #0x00	; 0
    00000266 FF                     604 	.db #0xff	; 255
    00000267 00                     605 	.db #0x00	; 0
    00000268 FF                     606 	.db #0xff	; 255
    00000269 00                     607 	.db #0x00	; 0
    0000026A FF                     608 	.db #0xff	; 255
    0000026B 00                     609 	.db #0x00	; 0
    0000026C 00                     610 	.db #0x00	; 0
    0000026D FF                     611 	.db #0xff	; 255
    0000026E 00                     612 	.db #0x00	; 0
    0000026F FF                     613 	.db #0xff	; 255
    00000270 00                     614 	.db #0x00	; 0
    00000271 FF                     615 	.db #0xff	; 255
    00000272 00                     616 	.db #0x00	; 0
    00000273 FF                     617 	.db #0xff	; 255
    00000274 00                     618 	.db #0x00	; 0
    00000275 FF                     619 	.db #0xff	; 255
    00000276 00                     620 	.db #0x00	; 0
    00000277 FF                     621 	.db #0xff	; 255
    00000278 00                     622 	.db #0x00	; 0
    00000279 FF                     623 	.db #0xff	; 255
    0000027A 00                     624 	.db #0x00	; 0
    0000027B FF                     625 	.db #0xff	; 255
    0000027C FF                     626 	.db #0xff	; 255
    0000027D FF                     627 	.db #0xff	; 255
    0000027E FF                     628 	.db #0xff	; 255
    0000027F FF                     629 	.db #0xff	; 255
    00000280 FF                     630 	.db #0xff	; 255
    00000281 FF                     631 	.db #0xff	; 255
    00000282 FF                     632 	.db #0xff	; 255
    00000283 FF                     633 	.db #0xff	; 255
    00000284 FF                     634 	.db #0xff	; 255
    00000285 FF                     635 	.db #0xff	; 255
    00000286 FF                     636 	.db #0xff	; 255
    00000287 FF                     637 	.db #0xff	; 255
    00000288 FF                     638 	.db #0xff	; 255
    00000289 FF                     639 	.db #0xff	; 255
    0000028A FF                     640 	.db #0xff	; 255
    0000028B FF                     641 	.db #0xff	; 255
    0000028C 00                     642 	.db #0x00	; 0
    0000028D 00                     643 	.db #0x00	; 0
    0000028E 00                     644 	.db #0x00	; 0
    0000028F 00                     645 	.db #0x00	; 0
    00000290 00                     646 	.db #0x00	; 0
    00000291 00                     647 	.db #0x00	; 0
    00000292 00                     648 	.db #0x00	; 0
    00000293 00                     649 	.db #0x00	; 0
    00000294 00                     650 	.db #0x00	; 0
    00000295 00                     651 	.db #0x00	; 0
    00000296 00                     652 	.db #0x00	; 0
    00000297 00                     653 	.db #0x00	; 0
    00000298 00                     654 	.db #0x00	; 0
    00000299 00                     655 	.db #0x00	; 0
    0000029A 00                     656 	.db #0x00	; 0
    0000029B 00                     657 	.db #0x00	; 0
    0000029C FF                     658 	.db #0xff	; 255
    0000029D 00                     659 	.db #0x00	; 0
    0000029E FF                     660 	.db #0xff	; 255
    0000029F 00                     661 	.db #0x00	; 0
    000002A0 FF                     662 	.db #0xff	; 255
    000002A1 00                     663 	.db #0x00	; 0
    000002A2 FF                     664 	.db #0xff	; 255
    000002A3 00                     665 	.db #0x00	; 0
    000002A4 FF                     666 	.db #0xff	; 255
    000002A5 00                     667 	.db #0x00	; 0
    000002A6 FF                     668 	.db #0xff	; 255
    000002A7 00                     669 	.db #0x00	; 0
    000002A8 FF                     670 	.db #0xff	; 255
    000002A9 00                     671 	.db #0x00	; 0
    000002AA FF                     672 	.db #0xff	; 255
    000002AB 00                     673 	.db #0x00	; 0
    000002AC 00                     674 	.db #0x00	; 0
    000002AD FF                     675 	.db #0xff	; 255
    000002AE 00                     676 	.db #0x00	; 0
    000002AF FF                     677 	.db #0xff	; 255
    000002B0 00                     678 	.db #0x00	; 0
    000002B1 FF                     679 	.db #0xff	; 255
    000002B2 00                     680 	.db #0x00	; 0
    000002B3 FF                     681 	.db #0xff	; 255
    000002B4 00                     682 	.db #0x00	; 0
    000002B5 FF                     683 	.db #0xff	; 255
    000002B6 00                     684 	.db #0x00	; 0
    000002B7 FF                     685 	.db #0xff	; 255
    000002B8 00                     686 	.db #0x00	; 0
    000002B9 FF                     687 	.db #0xff	; 255
    000002BA 00                     688 	.db #0x00	; 0
    000002BB FF                     689 	.db #0xff	; 255
    000002BC FF                     690 	.db #0xff	; 255
    000002BD FF                     691 	.db #0xff	; 255
    000002BE FF                     692 	.db #0xff	; 255
    000002BF FF                     693 	.db #0xff	; 255
    000002C0 FF                     694 	.db #0xff	; 255
    000002C1 FF                     695 	.db #0xff	; 255
    000002C2 FF                     696 	.db #0xff	; 255
    000002C3 FF                     697 	.db #0xff	; 255
    000002C4 FF                     698 	.db #0xff	; 255
    000002C5 FF                     699 	.db #0xff	; 255
    000002C6 FF                     700 	.db #0xff	; 255
    000002C7 FF                     701 	.db #0xff	; 255
    000002C8 FF                     702 	.db #0xff	; 255
    000002C9 FF                     703 	.db #0xff	; 255
    000002CA FF                     704 	.db #0xff	; 255
    000002CB FF                     705 	.db #0xff	; 255
    000002CC                        706 _bar_m:
    000002CC 1F                     707 	.db #0x1f	; 31
    000002CD 1F                     708 	.db #0x1f	; 31
    000002CE 12                     709 	.db #0x12	; 18
    000002CF 12                     710 	.db #0x12	; 18
    000002D0 12                     711 	.db #0x12	; 18
    000002D1 1B                     712 	.db #0x1b	; 27
    000002D2 1B                     713 	.db #0x1b	; 27
    000002D3 1B                     714 	.db #0x1b	; 27
    000002D4 08                     715 	.db #0x08	; 8
    000002D5 08                     716 	.db #0x08	; 8
    000002D6 08                     717 	.db #0x08	; 8
    000002D7 16                     718 	.db #0x16	; 22
    000002D8 16                     719 	.db #0x16	; 22
    000002D9 16                     720 	.db #0x16	; 22
    000002DA 07                     721 	.db #0x07	; 7
    000002DB 07                     722 	.db #0x07	; 7
    000002DC 07                     723 	.db #0x07	; 7
    000002DD 0C                     724 	.db #0x0c	; 12
    000002DE 0C                     725 	.db #0x0c	; 12
    000002DF 0C                     726 	.db #0x0c	; 12
    000002E0 1E                     727 	.db #0x1e	; 30
    000002E1 1E                     728 	.db #0x1e	; 30
    000002E2 13                     729 	.db #0x13	; 19
    000002E3 13                     730 	.db #0x13	; 19
    000002E4 13                     731 	.db #0x13	; 19
    000002E5 18                     732 	.db #0x18	; 24
    000002E6 18                     733 	.db #0x18	; 24
    000002E7 18                     734 	.db #0x18	; 24
    000002E8 09                     735 	.db #0x09	; 9
    000002E9 09                     736 	.db #0x09	; 9
    000002EA 09                     737 	.db #0x09	; 9
    000002EB 17                     738 	.db #0x17	; 23
    000002EC 17                     739 	.db #0x17	; 23
    000002ED 17                     740 	.db #0x17	; 23
    000002EE 04                     741 	.db #0x04	; 4
    000002EF 04                     742 	.db #0x04	; 4
    000002F0 04                     743 	.db #0x04	; 4
    000002F1 0D                     744 	.db #0x0d	; 13
    000002F2 0D                     745 	.db #0x0d	; 13
    000002F3 0D                     746 	.db #0x0d	; 13
    000002F4 1D                     747 	.db #0x1d	; 29
    000002F5 1D                     748 	.db #0x1d	; 29
    000002F6 10                     749 	.db #0x10	; 16
    000002F7 10                     750 	.db #0x10	; 16
    000002F8 10                     751 	.db #0x10	; 16
    000002F9 19                     752 	.db #0x19	; 25
    000002FA 19                     753 	.db #0x19	; 25
    000002FB 19                     754 	.db #0x19	; 25
    000002FC 0A                     755 	.db #0x0a	; 10
    000002FD 0A                     756 	.db #0x0a	; 10
    000002FE 0A                     757 	.db #0x0a	; 10
    000002FF 14                     758 	.db #0x14	; 20
    00000300 14                     759 	.db #0x14	; 20
    00000301 14                     760 	.db #0x14	; 20
    00000302 05                     761 	.db #0x05	; 5
    00000303 05                     762 	.db #0x05	; 5
    00000304 05                     763 	.db #0x05	; 5
    00000305 0E                     764 	.db #0x0e	; 14
    00000306 0E                     765 	.db #0x0e	; 14
    00000307 0E                     766 	.db #0x0e	; 14
    00000308 1C                     767 	.db #0x1c	; 28
    00000309 1C                     768 	.db #0x1c	; 28
    0000030A 11                     769 	.db #0x11	; 17
    0000030B 11                     770 	.db #0x11	; 17
    0000030C 11                     771 	.db #0x11	; 17
    0000030D 1A                     772 	.db #0x1a	; 26
    0000030E 1A                     773 	.db #0x1a	; 26
    0000030F 1A                     774 	.db #0x1a	; 26
    00000310 0B                     775 	.db #0x0b	; 11
    00000311 0B                     776 	.db #0x0b	; 11
    00000312 0B                     777 	.db #0x0b	; 11
    00000313 15                     778 	.db #0x15	; 21
    00000314 15                     779 	.db #0x15	; 21
    00000315 15                     780 	.db #0x15	; 21
    00000316 06                     781 	.db #0x06	; 6
    00000317 06                     782 	.db #0x06	; 6
    00000318 06                     783 	.db #0x06	; 6
    00000319 0F                     784 	.db #0x0f	; 15
    0000031A 0F                     785 	.db #0x0f	; 15
    0000031B 0F                     786 	.db #0x0f	; 15
    0000031C 1C                     787 	.db #0x1c	; 28
    0000031D 1C                     788 	.db #0x1c	; 28
    0000031E 11                     789 	.db #0x11	; 17
    0000031F 11                     790 	.db #0x11	; 17
    00000320 11                     791 	.db #0x11	; 17
    00000321 1A                     792 	.db #0x1a	; 26
    00000322 1A                     793 	.db #0x1a	; 26
    00000323 1A                     794 	.db #0x1a	; 26
    00000324 0B                     795 	.db #0x0b	; 11
    00000325 0B                     796 	.db #0x0b	; 11
    00000326 0B                     797 	.db #0x0b	; 11
    00000327 15                     798 	.db #0x15	; 21
    00000328 15                     799 	.db #0x15	; 21
    00000329 15                     800 	.db #0x15	; 21
    0000032A 06                     801 	.db #0x06	; 6
    0000032B 06                     802 	.db #0x06	; 6
    0000032C 06                     803 	.db #0x06	; 6
    0000032D 0F                     804 	.db #0x0f	; 15
    0000032E 0F                     805 	.db #0x0f	; 15
    0000032F 0F                     806 	.db #0x0f	; 15
    00000330 1C                     807 	.db #0x1c	; 28
    00000331 1C                     808 	.db #0x1c	; 28
    00000332 11                     809 	.db #0x11	; 17
    00000333 11                     810 	.db #0x11	; 17
    00000334 11                     811 	.db #0x11	; 17
    00000335 1A                     812 	.db #0x1a	; 26
    00000336 1A                     813 	.db #0x1a	; 26
    00000337 1A                     814 	.db #0x1a	; 26
    00000338 0B                     815 	.db #0x0b	; 11
    00000339 0B                     816 	.db #0x0b	; 11
    0000033A 0B                     817 	.db #0x0b	; 11
    0000033B 15                     818 	.db #0x15	; 21
    0000033C 15                     819 	.db #0x15	; 21
    0000033D 15                     820 	.db #0x15	; 21
    0000033E 06                     821 	.db #0x06	; 6
    0000033F 06                     822 	.db #0x06	; 6
    00000340 06                     823 	.db #0x06	; 6
    00000341 0F                     824 	.db #0x0f	; 15
    00000342 0F                     825 	.db #0x0f	; 15
    00000343 0F                     826 	.db #0x0f	; 15
    00000344 1C                     827 	.db #0x1c	; 28
    00000345 1C                     828 	.db #0x1c	; 28
    00000346 11                     829 	.db #0x11	; 17
    00000347 11                     830 	.db #0x11	; 17
    00000348 11                     831 	.db #0x11	; 17
    00000349 1A                     832 	.db #0x1a	; 26
    0000034A 1A                     833 	.db #0x1a	; 26
    0000034B 1A                     834 	.db #0x1a	; 26
    0000034C 0B                     835 	.db #0x0b	; 11
    0000034D 0B                     836 	.db #0x0b	; 11
    0000034E 0B                     837 	.db #0x0b	; 11
    0000034F 15                     838 	.db #0x15	; 21
    00000350 15                     839 	.db #0x15	; 21
    00000351 15                     840 	.db #0x15	; 21
    00000352 06                     841 	.db #0x06	; 6
    00000353 06                     842 	.db #0x06	; 6
    00000354 06                     843 	.db #0x06	; 6
    00000355 0F                     844 	.db #0x0f	; 15
    00000356 0F                     845 	.db #0x0f	; 15
    00000357 0F                     846 	.db #0x0f	; 15
    00000358 1C                     847 	.db #0x1c	; 28
    00000359 1C                     848 	.db #0x1c	; 28
    0000035A 11                     849 	.db #0x11	; 17
    0000035B 11                     850 	.db #0x11	; 17
    0000035C 11                     851 	.db #0x11	; 17
    0000035D 1A                     852 	.db #0x1a	; 26
    0000035E 1A                     853 	.db #0x1a	; 26
    0000035F 1A                     854 	.db #0x1a	; 26
    00000360 0B                     855 	.db #0x0b	; 11
    00000361 0B                     856 	.db #0x0b	; 11
    00000362 0B                     857 	.db #0x0b	; 11
    00000363 15                     858 	.db #0x15	; 21
    00000364 15                     859 	.db #0x15	; 21
    00000365 15                     860 	.db #0x15	; 21
    00000366 06                     861 	.db #0x06	; 6
    00000367 06                     862 	.db #0x06	; 6
    00000368 06                     863 	.db #0x06	; 6
    00000369 0F                     864 	.db #0x0f	; 15
    0000036A 0F                     865 	.db #0x0f	; 15
    0000036B 0F                     866 	.db #0x0f	; 15
    0000036C 1C                     867 	.db #0x1c	; 28
    0000036D 1C                     868 	.db #0x1c	; 28
    0000036E 11                     869 	.db #0x11	; 17
    0000036F 11                     870 	.db #0x11	; 17
    00000370 11                     871 	.db #0x11	; 17
    00000371 1A                     872 	.db #0x1a	; 26
    00000372 1A                     873 	.db #0x1a	; 26
    00000373 1A                     874 	.db #0x1a	; 26
    00000374 0B                     875 	.db #0x0b	; 11
    00000375 0B                     876 	.db #0x0b	; 11
    00000376 0B                     877 	.db #0x0b	; 11
    00000377 15                     878 	.db #0x15	; 21
    00000378 15                     879 	.db #0x15	; 21
    00000379 15                     880 	.db #0x15	; 21
    0000037A 06                     881 	.db #0x06	; 6
    0000037B 06                     882 	.db #0x06	; 6
    0000037C 06                     883 	.db #0x06	; 6
    0000037D 0F                     884 	.db #0x0f	; 15
    0000037E 0F                     885 	.db #0x0f	; 15
    0000037F 0F                     886 	.db #0x0f	; 15
    00000380 1C                     887 	.db #0x1c	; 28
    00000381 1C                     888 	.db #0x1c	; 28
    00000382 11                     889 	.db #0x11	; 17
    00000383 11                     890 	.db #0x11	; 17
    00000384 11                     891 	.db #0x11	; 17
    00000385 1A                     892 	.db #0x1a	; 26
    00000386 1A                     893 	.db #0x1a	; 26
    00000387 1A                     894 	.db #0x1a	; 26
    00000388 0B                     895 	.db #0x0b	; 11
    00000389 0B                     896 	.db #0x0b	; 11
    0000038A 0B                     897 	.db #0x0b	; 11
    0000038B 15                     898 	.db #0x15	; 21
    0000038C 15                     899 	.db #0x15	; 21
    0000038D 15                     900 	.db #0x15	; 21
    0000038E 06                     901 	.db #0x06	; 6
    0000038F 06                     902 	.db #0x06	; 6
    00000390 06                     903 	.db #0x06	; 6
    00000391 0F                     904 	.db #0x0f	; 15
    00000392 0F                     905 	.db #0x0f	; 15
    00000393 0F                     906 	.db #0x0f	; 15
    00000394 1C                     907 	.db #0x1c	; 28
    00000395 1C                     908 	.db #0x1c	; 28
    00000396 11                     909 	.db #0x11	; 17
    00000397 11                     910 	.db #0x11	; 17
    00000398 11                     911 	.db #0x11	; 17
    00000399 1A                     912 	.db #0x1a	; 26
    0000039A 1A                     913 	.db #0x1a	; 26
    0000039B 1A                     914 	.db #0x1a	; 26
    0000039C 0B                     915 	.db #0x0b	; 11
    0000039D 0B                     916 	.db #0x0b	; 11
    0000039E 0B                     917 	.db #0x0b	; 11
    0000039F 15                     918 	.db #0x15	; 21
    000003A0 15                     919 	.db #0x15	; 21
    000003A1 15                     920 	.db #0x15	; 21
    000003A2 06                     921 	.db #0x06	; 6
    000003A3 06                     922 	.db #0x06	; 6
    000003A4 06                     923 	.db #0x06	; 6
    000003A5 0F                     924 	.db #0x0f	; 15
    000003A6 0F                     925 	.db #0x0f	; 15
    000003A7 0F                     926 	.db #0x0f	; 15
    000003A8 1C                     927 	.db #0x1c	; 28
    000003A9 1C                     928 	.db #0x1c	; 28
    000003AA 11                     929 	.db #0x11	; 17
    000003AB 11                     930 	.db #0x11	; 17
    000003AC 11                     931 	.db #0x11	; 17
    000003AD 1A                     932 	.db #0x1a	; 26
    000003AE 1A                     933 	.db #0x1a	; 26
    000003AF 1A                     934 	.db #0x1a	; 26
    000003B0 0B                     935 	.db #0x0b	; 11
    000003B1 0B                     936 	.db #0x0b	; 11
    000003B2 0B                     937 	.db #0x0b	; 11
    000003B3 15                     938 	.db #0x15	; 21
    000003B4 15                     939 	.db #0x15	; 21
    000003B5 15                     940 	.db #0x15	; 21
    000003B6 06                     941 	.db #0x06	; 6
    000003B7 06                     942 	.db #0x06	; 6
    000003B8 06                     943 	.db #0x06	; 6
    000003B9 0F                     944 	.db #0x0f	; 15
    000003BA 0F                     945 	.db #0x0f	; 15
    000003BB 0F                     946 	.db #0x0f	; 15
    000003BC 1C                     947 	.db #0x1c	; 28
    000003BD 1C                     948 	.db #0x1c	; 28
    000003BE 11                     949 	.db #0x11	; 17
    000003BF 11                     950 	.db #0x11	; 17
    000003C0 11                     951 	.db #0x11	; 17
    000003C1 1A                     952 	.db #0x1a	; 26
    000003C2 1A                     953 	.db #0x1a	; 26
    000003C3 1A                     954 	.db #0x1a	; 26
    000003C4 0B                     955 	.db #0x0b	; 11
    000003C5 0B                     956 	.db #0x0b	; 11
    000003C6 0B                     957 	.db #0x0b	; 11
    000003C7 15                     958 	.db #0x15	; 21
    000003C8 15                     959 	.db #0x15	; 21
    000003C9 15                     960 	.db #0x15	; 21
    000003CA 06                     961 	.db #0x06	; 6
    000003CB 06                     962 	.db #0x06	; 6
    000003CC 06                     963 	.db #0x06	; 6
    000003CD 0F                     964 	.db #0x0f	; 15
    000003CE 0F                     965 	.db #0x0f	; 15
    000003CF 0F                     966 	.db #0x0f	; 15
    000003D0 1C                     967 	.db #0x1c	; 28
    000003D1 1C                     968 	.db #0x1c	; 28
    000003D2 11                     969 	.db #0x11	; 17
    000003D3 11                     970 	.db #0x11	; 17
    000003D4 11                     971 	.db #0x11	; 17
    000003D5 1A                     972 	.db #0x1a	; 26
    000003D6 1A                     973 	.db #0x1a	; 26
    000003D7 1A                     974 	.db #0x1a	; 26
    000003D8 0B                     975 	.db #0x0b	; 11
    000003D9 0B                     976 	.db #0x0b	; 11
    000003DA 0B                     977 	.db #0x0b	; 11
    000003DB 15                     978 	.db #0x15	; 21
    000003DC 15                     979 	.db #0x15	; 21
    000003DD 15                     980 	.db #0x15	; 21
    000003DE 06                     981 	.db #0x06	; 6
    000003DF 06                     982 	.db #0x06	; 6
    000003E0 06                     983 	.db #0x06	; 6
    000003E1 0F                     984 	.db #0x0f	; 15
    000003E2 0F                     985 	.db #0x0f	; 15
    000003E3 0F                     986 	.db #0x0f	; 15
    000003E4 0F                     987 	.db #0x0f	; 15
    000003E5 0F                     988 	.db #0x0f	; 15
    000003E6 03                     989 	.db #0x03	; 3
    000003E7 03                     990 	.db #0x03	; 3
    000003E8 03                     991 	.db #0x03	; 3
    000003E9 15                     992 	.db #0x15	; 21
    000003EA 15                     993 	.db #0x15	; 21
    000003EB 15                     994 	.db #0x15	; 21
    000003EC 03                     995 	.db #0x03	; 3
    000003ED 03                     996 	.db #0x03	; 3
    000003EE 03                     997 	.db #0x03	; 3
    000003EF 1A                     998 	.db #0x1a	; 26
    000003F0 1A                     999 	.db #0x1a	; 26
    000003F1 1A                    1000 	.db #0x1a	; 26
    000003F2 03                    1001 	.db #0x03	; 3
    000003F3 03                    1002 	.db #0x03	; 3
    000003F4 03                    1003 	.db #0x03	; 3
    000003F5 1C                    1004 	.db #0x1c	; 28
    000003F6 1C                    1005 	.db #0x1c	; 28
    000003F7 1C                    1006 	.db #0x1c	; 28
    000003F8 0D                    1007 	.db #0x0d	; 13
    000003F9 0D                    1008 	.db #0x0d	; 13
    000003FA 0D                    1009 	.db #0x0d	; 13
    000003FB 0D                    1010 	.db #0x0d	; 13
    000003FC 00                    1011 	.db #0x00	; 0
    000003FD 00                    1012 	.db #0x00	; 0
    000003FE 00                    1013 	.db #0x00	; 0
    000003FF 00                    1014 	.db #0x00	; 0
    00000400 16                    1015 	.db #0x16	; 22
    00000401 16                    1016 	.db #0x16	; 22
    00000402 16                    1017 	.db #0x16	; 22
    00000403 16                    1018 	.db #0x16	; 22
    00000404 03                    1019 	.db #0x03	; 3
    00000405 03                    1020 	.db #0x03	; 3
    00000406 03                    1021 	.db #0x03	; 3
    00000407 03                    1022 	.db #0x03	; 3
    00000408 03                    1023 	.db #0x03	; 3
    00000409 03                    1024 	.db #0x03	; 3
    0000040A 03                    1025 	.db #0x03	; 3
    0000040B 03                    1026 	.db #0x03	; 3
    0000040C 0D                    1027 	.db #0x0d	; 13
    0000040D 0D                    1028 	.db #0x0d	; 13
    0000040E 0D                    1029 	.db #0x0d	; 13
    0000040F 0D                    1030 	.db #0x0d	; 13
    00000410 00                    1031 	.db #0x00	; 0
    00000411 00                    1032 	.db #0x00	; 0
    00000412 00                    1033 	.db #0x00	; 0
    00000413 00                    1034 	.db #0x00	; 0
    00000414 16                    1035 	.db #0x16	; 22
    00000415 16                    1036 	.db #0x16	; 22
    00000416 16                    1037 	.db #0x16	; 22
    00000417 16                    1038 	.db #0x16	; 22
    00000418 03                    1039 	.db #0x03	; 3
    00000419 03                    1040 	.db #0x03	; 3
    0000041A 03                    1041 	.db #0x03	; 3
    0000041B 03                    1042 	.db #0x03	; 3
    0000041C 03                    1043 	.db #0x03	; 3
    0000041D 03                    1044 	.db #0x03	; 3
    0000041E 03                    1045 	.db #0x03	; 3
    0000041F 03                    1046 	.db #0x03	; 3
    00000420 0D                    1047 	.db #0x0d	; 13
    00000421 0D                    1048 	.db #0x0d	; 13
    00000422 0D                    1049 	.db #0x0d	; 13
    00000423 0D                    1050 	.db #0x0d	; 13
    00000424 00                    1051 	.db #0x00	; 0
    00000425 00                    1052 	.db #0x00	; 0
    00000426 00                    1053 	.db #0x00	; 0
    00000427 00                    1054 	.db #0x00	; 0
    00000428 16                    1055 	.db #0x16	; 22
    00000429 16                    1056 	.db #0x16	; 22
    0000042A 16                    1057 	.db #0x16	; 22
    0000042B 16                    1058 	.db #0x16	; 22
    0000042C 03                    1059 	.db #0x03	; 3
    0000042D 03                    1060 	.db #0x03	; 3
    0000042E 03                    1061 	.db #0x03	; 3
    0000042F 03                    1062 	.db #0x03	; 3
    00000430 03                    1063 	.db #0x03	; 3
    00000431 03                    1064 	.db #0x03	; 3
    00000432 03                    1065 	.db #0x03	; 3
    00000433 03                    1066 	.db #0x03	; 3
    00000434                       1067 _bar_p:
    00000434 FF 7F                 1068 	.dw #0x7fff
    00000436 18 63                 1069 	.dw #0x6318
    00000438 52 4A                 1070 	.dw #0x4a52
    0000043A 00 00                 1071 	.dw #0x0000
    0000043C 12 00                 1072 	.dw #0x0012
    0000043E 18 00                 1073 	.dw #0x0018
    00000440 1F 00                 1074 	.dw #0x001f
    00000442 0C 00                 1075 	.dw #0x000c
    00000444 80 01                 1076 	.dw #0x0180
    00000446 40 02                 1077 	.dw #0x0240
    00000448 00 03                 1078 	.dw #0x0300
    0000044A E0 03                 1079 	.dw #0x03e0
    0000044C 00 30                 1080 	.dw #0x3000
    0000044E 00 48                 1081 	.dw #0x4800
    00000450 00 60                 1082 	.dw #0x6000
    00000452 00 7C                 1083 	.dw #0x7c00
    00000454 18 03                 1084 	.dw #0x0318
    00000456 FF 03                 1085 	.dw #0x03ff
    00000458 8C 01                 1086 	.dw #0x018c
    0000045A 52 02                 1087 	.dw #0x0252
    0000045C 18 60                 1088 	.dw #0x6018
    0000045E 1F 7C                 1089 	.dw #0x7c1f
    00000460 0C 30                 1090 	.dw #0x300c
    00000462 12 48                 1091 	.dw #0x4812
    00000464 40 4A                 1092 	.dw #0x4a40
    00000466 00 63                 1093 	.dw #0x6300
    00000468 E0 7F                 1094 	.dw #0x7fe0
    0000046A 80 31                 1095 	.dw #0x3180
    0000046C FF 7F                 1096 	.dw #0x7fff
    0000046E 18 63                 1097 	.dw #0x6318
    00000470 52 4A                 1098 	.dw #0x4a52
    00000472 8C 31                 1099 	.dw #0x318c
    00000474                       1100 _bar_a:
    00000474 07                    1101 	.db #0x07	; 7
    00000475 07                    1102 	.db #0x07	; 7
    00000476 04                    1103 	.db #0x04	; 4
    00000477 04                    1104 	.db #0x04	; 4
    00000478 04                    1105 	.db #0x04	; 4
    00000479 06                    1106 	.db #0x06	; 6
    0000047A 06                    1107 	.db #0x06	; 6
    0000047B 06                    1108 	.db #0x06	; 6
    0000047C 02                    1109 	.db #0x02	; 2
    0000047D 02                    1110 	.db #0x02	; 2
    0000047E 02                    1111 	.db #0x02	; 2
    0000047F 05                    1112 	.db #0x05	; 5
    00000480 05                    1113 	.db #0x05	; 5
    00000481 05                    1114 	.db #0x05	; 5
    00000482 01                    1115 	.db #0x01	; 1
    00000483 01                    1116 	.db #0x01	; 1
    00000484 01                    1117 	.db #0x01	; 1
    00000485 03                    1118 	.db #0x03	; 3
    00000486 03                    1119 	.db #0x03	; 3
    00000487 03                    1120 	.db #0x03	; 3
    00000488 07                    1121 	.db #0x07	; 7
    00000489 07                    1122 	.db #0x07	; 7
    0000048A 04                    1123 	.db #0x04	; 4
    0000048B 04                    1124 	.db #0x04	; 4
    0000048C 04                    1125 	.db #0x04	; 4
    0000048D 06                    1126 	.db #0x06	; 6
    0000048E 06                    1127 	.db #0x06	; 6
    0000048F 06                    1128 	.db #0x06	; 6
    00000490 02                    1129 	.db #0x02	; 2
    00000491 02                    1130 	.db #0x02	; 2
    00000492 02                    1131 	.db #0x02	; 2
    00000493 05                    1132 	.db #0x05	; 5
    00000494 05                    1133 	.db #0x05	; 5
    00000495 05                    1134 	.db #0x05	; 5
    00000496 01                    1135 	.db #0x01	; 1
    00000497 01                    1136 	.db #0x01	; 1
    00000498 01                    1137 	.db #0x01	; 1
    00000499 03                    1138 	.db #0x03	; 3
    0000049A 03                    1139 	.db #0x03	; 3
    0000049B 03                    1140 	.db #0x03	; 3
    0000049C 07                    1141 	.db #0x07	; 7
    0000049D 07                    1142 	.db #0x07	; 7
    0000049E 04                    1143 	.db #0x04	; 4
    0000049F 04                    1144 	.db #0x04	; 4
    000004A0 04                    1145 	.db #0x04	; 4
    000004A1 06                    1146 	.db #0x06	; 6
    000004A2 06                    1147 	.db #0x06	; 6
    000004A3 06                    1148 	.db #0x06	; 6
    000004A4 02                    1149 	.db #0x02	; 2
    000004A5 02                    1150 	.db #0x02	; 2
    000004A6 02                    1151 	.db #0x02	; 2
    000004A7 05                    1152 	.db #0x05	; 5
    000004A8 05                    1153 	.db #0x05	; 5
    000004A9 05                    1154 	.db #0x05	; 5
    000004AA 01                    1155 	.db #0x01	; 1
    000004AB 01                    1156 	.db #0x01	; 1
    000004AC 01                    1157 	.db #0x01	; 1
    000004AD 03                    1158 	.db #0x03	; 3
    000004AE 03                    1159 	.db #0x03	; 3
    000004AF 03                    1160 	.db #0x03	; 3
    000004B0 07                    1161 	.db #0x07	; 7
    000004B1 07                    1162 	.db #0x07	; 7
    000004B2 04                    1163 	.db #0x04	; 4
    000004B3 04                    1164 	.db #0x04	; 4
    000004B4 04                    1165 	.db #0x04	; 4
    000004B5 06                    1166 	.db #0x06	; 6
    000004B6 06                    1167 	.db #0x06	; 6
    000004B7 06                    1168 	.db #0x06	; 6
    000004B8 02                    1169 	.db #0x02	; 2
    000004B9 02                    1170 	.db #0x02	; 2
    000004BA 02                    1171 	.db #0x02	; 2
    000004BB 05                    1172 	.db #0x05	; 5
    000004BC 05                    1173 	.db #0x05	; 5
    000004BD 05                    1174 	.db #0x05	; 5
    000004BE 01                    1175 	.db #0x01	; 1
    000004BF 01                    1176 	.db #0x01	; 1
    000004C0 01                    1177 	.db #0x01	; 1
    000004C1 03                    1178 	.db #0x03	; 3
    000004C2 03                    1179 	.db #0x03	; 3
    000004C3 03                    1180 	.db #0x03	; 3
    000004C4 07                    1181 	.db #0x07	; 7
    000004C5 07                    1182 	.db #0x07	; 7
    000004C6 04                    1183 	.db #0x04	; 4
    000004C7 04                    1184 	.db #0x04	; 4
    000004C8 04                    1185 	.db #0x04	; 4
    000004C9 06                    1186 	.db #0x06	; 6
    000004CA 06                    1187 	.db #0x06	; 6
    000004CB 06                    1188 	.db #0x06	; 6
    000004CC 02                    1189 	.db #0x02	; 2
    000004CD 02                    1190 	.db #0x02	; 2
    000004CE 02                    1191 	.db #0x02	; 2
    000004CF 05                    1192 	.db #0x05	; 5
    000004D0 05                    1193 	.db #0x05	; 5
    000004D1 05                    1194 	.db #0x05	; 5
    000004D2 01                    1195 	.db #0x01	; 1
    000004D3 01                    1196 	.db #0x01	; 1
    000004D4 01                    1197 	.db #0x01	; 1
    000004D5 03                    1198 	.db #0x03	; 3
    000004D6 03                    1199 	.db #0x03	; 3
    000004D7 03                    1200 	.db #0x03	; 3
    000004D8 07                    1201 	.db #0x07	; 7
    000004D9 07                    1202 	.db #0x07	; 7
    000004DA 04                    1203 	.db #0x04	; 4
    000004DB 04                    1204 	.db #0x04	; 4
    000004DC 04                    1205 	.db #0x04	; 4
    000004DD 06                    1206 	.db #0x06	; 6
    000004DE 06                    1207 	.db #0x06	; 6
    000004DF 06                    1208 	.db #0x06	; 6
    000004E0 02                    1209 	.db #0x02	; 2
    000004E1 02                    1210 	.db #0x02	; 2
    000004E2 02                    1211 	.db #0x02	; 2
    000004E3 05                    1212 	.db #0x05	; 5
    000004E4 05                    1213 	.db #0x05	; 5
    000004E5 05                    1214 	.db #0x05	; 5
    000004E6 01                    1215 	.db #0x01	; 1
    000004E7 01                    1216 	.db #0x01	; 1
    000004E8 01                    1217 	.db #0x01	; 1
    000004E9 03                    1218 	.db #0x03	; 3
    000004EA 03                    1219 	.db #0x03	; 3
    000004EB 03                    1220 	.db #0x03	; 3
    000004EC 07                    1221 	.db #0x07	; 7
    000004ED 07                    1222 	.db #0x07	; 7
    000004EE 04                    1223 	.db #0x04	; 4
    000004EF 04                    1224 	.db #0x04	; 4
    000004F0 04                    1225 	.db #0x04	; 4
    000004F1 06                    1226 	.db #0x06	; 6
    000004F2 06                    1227 	.db #0x06	; 6
    000004F3 06                    1228 	.db #0x06	; 6
    000004F4 02                    1229 	.db #0x02	; 2
    000004F5 02                    1230 	.db #0x02	; 2
    000004F6 02                    1231 	.db #0x02	; 2
    000004F7 05                    1232 	.db #0x05	; 5
    000004F8 05                    1233 	.db #0x05	; 5
    000004F9 05                    1234 	.db #0x05	; 5
    000004FA 01                    1235 	.db #0x01	; 1
    000004FB 01                    1236 	.db #0x01	; 1
    000004FC 01                    1237 	.db #0x01	; 1
    000004FD 03                    1238 	.db #0x03	; 3
    000004FE 03                    1239 	.db #0x03	; 3
    000004FF 03                    1240 	.db #0x03	; 3
    00000500 07                    1241 	.db #0x07	; 7
    00000501 07                    1242 	.db #0x07	; 7
    00000502 04                    1243 	.db #0x04	; 4
    00000503 04                    1244 	.db #0x04	; 4
    00000504 04                    1245 	.db #0x04	; 4
    00000505 06                    1246 	.db #0x06	; 6
    00000506 06                    1247 	.db #0x06	; 6
    00000507 06                    1248 	.db #0x06	; 6
    00000508 02                    1249 	.db #0x02	; 2
    00000509 02                    1250 	.db #0x02	; 2
    0000050A 02                    1251 	.db #0x02	; 2
    0000050B 05                    1252 	.db #0x05	; 5
    0000050C 05                    1253 	.db #0x05	; 5
    0000050D 05                    1254 	.db #0x05	; 5
    0000050E 01                    1255 	.db #0x01	; 1
    0000050F 01                    1256 	.db #0x01	; 1
    00000510 01                    1257 	.db #0x01	; 1
    00000511 03                    1258 	.db #0x03	; 3
    00000512 03                    1259 	.db #0x03	; 3
    00000513 03                    1260 	.db #0x03	; 3
    00000514 07                    1261 	.db #0x07	; 7
    00000515 07                    1262 	.db #0x07	; 7
    00000516 04                    1263 	.db #0x04	; 4
    00000517 04                    1264 	.db #0x04	; 4
    00000518 04                    1265 	.db #0x04	; 4
    00000519 06                    1266 	.db #0x06	; 6
    0000051A 06                    1267 	.db #0x06	; 6
    0000051B 06                    1268 	.db #0x06	; 6
    0000051C 02                    1269 	.db #0x02	; 2
    0000051D 02                    1270 	.db #0x02	; 2
    0000051E 02                    1271 	.db #0x02	; 2
    0000051F 05                    1272 	.db #0x05	; 5
    00000520 05                    1273 	.db #0x05	; 5
    00000521 05                    1274 	.db #0x05	; 5
    00000522 01                    1275 	.db #0x01	; 1
    00000523 01                    1276 	.db #0x01	; 1
    00000524 01                    1277 	.db #0x01	; 1
    00000525 03                    1278 	.db #0x03	; 3
    00000526 03                    1279 	.db #0x03	; 3
    00000527 03                    1280 	.db #0x03	; 3
    00000528 07                    1281 	.db #0x07	; 7
    00000529 07                    1282 	.db #0x07	; 7
    0000052A 04                    1283 	.db #0x04	; 4
    0000052B 04                    1284 	.db #0x04	; 4
    0000052C 04                    1285 	.db #0x04	; 4
    0000052D 06                    1286 	.db #0x06	; 6
    0000052E 06                    1287 	.db #0x06	; 6
    0000052F 06                    1288 	.db #0x06	; 6
    00000530 02                    1289 	.db #0x02	; 2
    00000531 02                    1290 	.db #0x02	; 2
    00000532 02                    1291 	.db #0x02	; 2
    00000533 05                    1292 	.db #0x05	; 5
    00000534 05                    1293 	.db #0x05	; 5
    00000535 05                    1294 	.db #0x05	; 5
    00000536 01                    1295 	.db #0x01	; 1
    00000537 01                    1296 	.db #0x01	; 1
    00000538 01                    1297 	.db #0x01	; 1
    00000539 03                    1298 	.db #0x03	; 3
    0000053A 03                    1299 	.db #0x03	; 3
    0000053B 03                    1300 	.db #0x03	; 3
    0000053C 07                    1301 	.db #0x07	; 7
    0000053D 07                    1302 	.db #0x07	; 7
    0000053E 04                    1303 	.db #0x04	; 4
    0000053F 04                    1304 	.db #0x04	; 4
    00000540 04                    1305 	.db #0x04	; 4
    00000541 06                    1306 	.db #0x06	; 6
    00000542 06                    1307 	.db #0x06	; 6
    00000543 06                    1308 	.db #0x06	; 6
    00000544 02                    1309 	.db #0x02	; 2
    00000545 02                    1310 	.db #0x02	; 2
    00000546 02                    1311 	.db #0x02	; 2
    00000547 05                    1312 	.db #0x05	; 5
    00000548 05                    1313 	.db #0x05	; 5
    00000549 05                    1314 	.db #0x05	; 5
    0000054A 01                    1315 	.db #0x01	; 1
    0000054B 01                    1316 	.db #0x01	; 1
    0000054C 01                    1317 	.db #0x01	; 1
    0000054D 03                    1318 	.db #0x03	; 3
    0000054E 03                    1319 	.db #0x03	; 3
    0000054F 03                    1320 	.db #0x03	; 3
    00000550 07                    1321 	.db #0x07	; 7
    00000551 07                    1322 	.db #0x07	; 7
    00000552 04                    1323 	.db #0x04	; 4
    00000553 04                    1324 	.db #0x04	; 4
    00000554 04                    1325 	.db #0x04	; 4
    00000555 06                    1326 	.db #0x06	; 6
    00000556 06                    1327 	.db #0x06	; 6
    00000557 06                    1328 	.db #0x06	; 6
    00000558 02                    1329 	.db #0x02	; 2
    00000559 02                    1330 	.db #0x02	; 2
    0000055A 02                    1331 	.db #0x02	; 2
    0000055B 05                    1332 	.db #0x05	; 5
    0000055C 05                    1333 	.db #0x05	; 5
    0000055D 05                    1334 	.db #0x05	; 5
    0000055E 01                    1335 	.db #0x01	; 1
    0000055F 01                    1336 	.db #0x01	; 1
    00000560 01                    1337 	.db #0x01	; 1
    00000561 03                    1338 	.db #0x03	; 3
    00000562 03                    1339 	.db #0x03	; 3
    00000563 03                    1340 	.db #0x03	; 3
    00000564 07                    1341 	.db #0x07	; 7
    00000565 07                    1342 	.db #0x07	; 7
    00000566 04                    1343 	.db #0x04	; 4
    00000567 04                    1344 	.db #0x04	; 4
    00000568 04                    1345 	.db #0x04	; 4
    00000569 06                    1346 	.db #0x06	; 6
    0000056A 06                    1347 	.db #0x06	; 6
    0000056B 06                    1348 	.db #0x06	; 6
    0000056C 02                    1349 	.db #0x02	; 2
    0000056D 02                    1350 	.db #0x02	; 2
    0000056E 02                    1351 	.db #0x02	; 2
    0000056F 05                    1352 	.db #0x05	; 5
    00000570 05                    1353 	.db #0x05	; 5
    00000571 05                    1354 	.db #0x05	; 5
    00000572 01                    1355 	.db #0x01	; 1
    00000573 01                    1356 	.db #0x01	; 1
    00000574 01                    1357 	.db #0x01	; 1
    00000575 03                    1358 	.db #0x03	; 3
    00000576 03                    1359 	.db #0x03	; 3
    00000577 03                    1360 	.db #0x03	; 3
    00000578 07                    1361 	.db #0x07	; 7
    00000579 07                    1362 	.db #0x07	; 7
    0000057A 04                    1363 	.db #0x04	; 4
    0000057B 04                    1364 	.db #0x04	; 4
    0000057C 04                    1365 	.db #0x04	; 4
    0000057D 06                    1366 	.db #0x06	; 6
    0000057E 06                    1367 	.db #0x06	; 6
    0000057F 06                    1368 	.db #0x06	; 6
    00000580 02                    1369 	.db #0x02	; 2
    00000581 02                    1370 	.db #0x02	; 2
    00000582 02                    1371 	.db #0x02	; 2
    00000583 05                    1372 	.db #0x05	; 5
    00000584 05                    1373 	.db #0x05	; 5
    00000585 05                    1374 	.db #0x05	; 5
    00000586 01                    1375 	.db #0x01	; 1
    00000587 01                    1376 	.db #0x01	; 1
    00000588 01                    1377 	.db #0x01	; 1
    00000589 03                    1378 	.db #0x03	; 3
    0000058A 03                    1379 	.db #0x03	; 3
    0000058B 03                    1380 	.db #0x03	; 3
    0000058C 03                    1381 	.db #0x03	; 3
    0000058D 03                    1382 	.db #0x03	; 3
    0000058E 00                    1383 	.db #0x00	; 0
    0000058F 00                    1384 	.db #0x00	; 0
    00000590 00                    1385 	.db #0x00	; 0
    00000591 05                    1386 	.db #0x05	; 5
    00000592 05                    1387 	.db #0x05	; 5
    00000593 05                    1388 	.db #0x05	; 5
    00000594 00                    1389 	.db #0x00	; 0
    00000595 00                    1390 	.db #0x00	; 0
    00000596 00                    1391 	.db #0x00	; 0
    00000597 06                    1392 	.db #0x06	; 6
    00000598 06                    1393 	.db #0x06	; 6
    00000599 06                    1394 	.db #0x06	; 6
    0000059A 00                    1395 	.db #0x00	; 0
    0000059B 00                    1396 	.db #0x00	; 0
    0000059C 00                    1397 	.db #0x00	; 0
    0000059D 07                    1398 	.db #0x07	; 7
    0000059E 07                    1399 	.db #0x07	; 7
    0000059F 07                    1400 	.db #0x07	; 7
    000005A0 03                    1401 	.db #0x03	; 3
    000005A1 03                    1402 	.db #0x03	; 3
    000005A2 03                    1403 	.db #0x03	; 3
    000005A3 03                    1404 	.db #0x03	; 3
    000005A4 00                    1405 	.db #0x00	; 0
    000005A5 00                    1406 	.db #0x00	; 0
    000005A6 00                    1407 	.db #0x00	; 0
    000005A7 00                    1408 	.db #0x00	; 0
    000005A8 05                    1409 	.db #0x05	; 5
    000005A9 05                    1410 	.db #0x05	; 5
    000005AA 05                    1411 	.db #0x05	; 5
    000005AB 05                    1412 	.db #0x05	; 5
    000005AC 00                    1413 	.db #0x00	; 0
    000005AD 00                    1414 	.db #0x00	; 0
    000005AE 00                    1415 	.db #0x00	; 0
    000005AF 00                    1416 	.db #0x00	; 0
    000005B0 00                    1417 	.db #0x00	; 0
    000005B1 00                    1418 	.db #0x00	; 0
    000005B2 00                    1419 	.db #0x00	; 0
    000005B3 00                    1420 	.db #0x00	; 0
    000005B4 03                    1421 	.db #0x03	; 3
    000005B5 03                    1422 	.db #0x03	; 3
    000005B6 03                    1423 	.db #0x03	; 3
    000005B7 03                    1424 	.db #0x03	; 3
    000005B8 00                    1425 	.db #0x00	; 0
    000005B9 00                    1426 	.db #0x00	; 0
    000005BA 00                    1427 	.db #0x00	; 0
    000005BB 00                    1428 	.db #0x00	; 0
    000005BC 05                    1429 	.db #0x05	; 5
    000005BD 05                    1430 	.db #0x05	; 5
    000005BE 05                    1431 	.db #0x05	; 5
    000005BF 05                    1432 	.db #0x05	; 5
    000005C0 00                    1433 	.db #0x00	; 0
    000005C1 00                    1434 	.db #0x00	; 0
    000005C2 00                    1435 	.db #0x00	; 0
    000005C3 00                    1436 	.db #0x00	; 0
    000005C4 00                    1437 	.db #0x00	; 0
    000005C5 00                    1438 	.db #0x00	; 0
    000005C6 00                    1439 	.db #0x00	; 0
    000005C7 00                    1440 	.db #0x00	; 0
    000005C8 03                    1441 	.db #0x03	; 3
    000005C9 03                    1442 	.db #0x03	; 3
    000005CA 03                    1443 	.db #0x03	; 3
    000005CB 03                    1444 	.db #0x03	; 3
    000005CC 00                    1445 	.db #0x00	; 0
    000005CD 00                    1446 	.db #0x00	; 0
    000005CE 00                    1447 	.db #0x00	; 0
    000005CF 00                    1448 	.db #0x00	; 0
    000005D0 05                    1449 	.db #0x05	; 5
    000005D1 05                    1450 	.db #0x05	; 5
    000005D2 05                    1451 	.db #0x05	; 5
    000005D3 05                    1452 	.db #0x05	; 5
    000005D4 00                    1453 	.db #0x00	; 0
    000005D5 00                    1454 	.db #0x00	; 0
    000005D6 00                    1455 	.db #0x00	; 0
    000005D7 00                    1456 	.db #0x00	; 0
    000005D8 00                    1457 	.db #0x00	; 0
    000005D9 00                    1458 	.db #0x00	; 0
    000005DA 00                    1459 	.db #0x00	; 0
    000005DB 00                    1460 	.db #0x00	; 0
                                   1461 	.area _CODE
                                   1462 	.area _INITIALIZER
                                   1463 	.area _CABS (ABS)
